텔레그램 봇이 메시지 수신을 시작합니다...
지정된 CHAT_ID(7352025422)의 메시지만 처리합니다.
텍스트 메시지를 'log/2025-09-08.log'에 저장했습니다.
텍스트 메시지를 'log/2025-09-08.log'에 저장했습니다.
텍스트 메시지를 'log/2025-09-08.log'에 저장했습니다.
텍스트 메시지를 'log/2025-09-08.log'에 저장했습니다.
파일을 수신하여 'log/AgACAgUAAxkBAAN2aL5t2wdx2pxbICOaTOaC28DHHBYAAnjNMRteDfBVL0cMj8zBRj0BAAMCAAN5AAM2BA.jpg'에 저장했습니다.
텍스트 메시지를 'log/2025-09-09.log'에 저장했습니다.
네트워크 오류: Timed out. 5초 후 재시도합니다.
네트워크 오류: Timed out. 5초 후 재시도합니다.
네트워크 오류: httpx.ReadError: . 5초 후 재시도합니다.
네트워크 오류: Timed out. 5초 후 재시도합니다.
네트워크 오류: httpx.ReadError: . 5초 후 재시도합니다.
네트워크 오류: Timed out. 5초 후 재시도합니다.
네트워크 오류: Timed out. 5초 후 재시도합니다.
네트워크 오류: Timed out. 5초 후 재시도합니다.
네트워크 오류: Timed out. 5초 후 재시도합니다.
네트워크 오류: Timed out. 5초 후 재시도합니다.
네트워크 오류: Timed out. 5초 후 재시도합니다.
네트워크 오류: Timed out. 5초 후 재시도합니다.
네트워크 오류: Timed out. 5초 후 재시도합니다.
네트워크 오류: Timed out. 5초 후 재시도합니다.
네트워크 오류: Timed out. 5초 후 재시도합니다.
네트워크 오류: Timed out. 5초 후 재시도합니다.
네트워크 오류: Timed out. 5초 후 재시도합니다.
네트워크 오류: Timed out. 5초 후 재시도합니다.
네트워크 오류: Timed out. 5초 후 재시도합니다.
네트워크 오류: Timed out. 5초 후 재시도합니다.
네트워크 오류: Timed out. 5초 후 재시도합니다.
네트워크 오류: Timed out. 5초 후 재시도합니다.
네트워크 오류: Timed out. 5초 후 재시도합니다.
네트워크 오류: Timed out. 5초 후 재시도합니다.
네트워크 오류: Timed out. 5초 후 재시도합니다.
네트워크 오류: Timed out. 5초 후 재시도합니다.
네트워크 오류: Timed out. 5초 후 재시도합니다.
네트워크 오류: Timed out. 5초 후 재시도합니다.
네트워크 오류: Timed out. 5초 후 재시도합니다.
네트워크 오류: Timed out. 5초 후 재시도합니다.
네트워크 오류: Timed out. 5초 후 재시도합니다.
네트워크 오류: Timed out. 5초 후 재시도합니다.
네트워크 오류: Timed out. 5초 후 재시도합니다.
네트워크 오류: Timed out. 5초 후 재시도합니다.
네트워크 오류: Timed out. 5초 후 재시도합니다.
네트워크 오류: Timed out. 5초 후 재시도합니다.
네트워크 오류: Timed out. 5초 후 재시도합니다.
네트워크 오류: Timed out. 5초 후 재시도합니다.
네트워크 오류: Timed out. 5초 후 재시도합니다.
네트워크 오류: Timed out. 5초 후 재시도합니다.
네트워크 오류: Timed out. 5초 후 재시도합니다.
네트워크 오류: Timed out. 5초 후 재시도합니다.
네트워크 오류: Timed out. 5초 후 재시도합니다.
네트워크 오류: Timed out. 5초 후 재시도합니다.
네트워크 오류: Timed out. 5초 후 재시도합니다.
네트워크 오류: Timed out. 5초 후 재시도합니다.
네트워크 오류: Timed out. 5초 후 재시도합니다.
네트워크 오류: Timed out. 5초 후 재시도합니다.
네트워크 오류: Timed out. 5초 후 재시도합니다.
네트워크 오류: Timed out. 5초 후 재시도합니다.
네트워크 오류: Timed out. 5초 후 재시도합니다.
네트워크 오류: Timed out. 5초 후 재시도합니다.
네트워크 오류: Timed out. 5초 후 재시도합니다.
네트워크 오류: Timed out. 5초 후 재시도합니다.
네트워크 오류: Timed out. 5초 후 재시도합니다.
네트워크 오류: Timed out. 5초 후 재시도합니다.
네트워크 오류: Timed out. 5초 후 재시도합니다.
네트워크 오류: Timed out. 5초 후 재시도합니다.
네트워크 오류: Timed out. 5초 후 재시도합니다.
네트워크 오류: Timed out. 5초 후 재시도합니다.
네트워크 오류: Timed out. 5초 후 재시도합니다.
네트워크 오류: Timed out. 5초 후 재시도합니다.
네트워크 오류: Timed out. 5초 후 재시도합니다.
오류 발생: Flood control exceeded. Retry in 5 seconds
네트워크 오류: Bad Gateway. 5초 후 재시도합니다.
네트워크 오류: Bad Gateway. 5초 후 재시도합니다.
네트워크 오류: Bad Gateway. 5초 후 재시도합니다.
네트워크 오류: Timed out. 5초 후 재시도합니다.
네트워크 오류: Timed out. 5초 후 재시도합니다.
네트워크 오류: Timed out. 5초 후 재시도합니다.
네트워크 오류: Timed out. 5초 후 재시도합니다.
네트워크 오류: Timed out. 5초 후 재시도합니다.
네트워크 오류: Timed out. 5초 후 재시도합니다.
네트워크 오류: Timed out. 5초 후 재시도합니다.
네트워크 오류: Timed out. 5초 후 재시도합니다.
네트워크 오류: Timed out. 5초 후 재시도합니다.
네트워크 오류: Timed out. 5초 후 재시도합니다.
네트워크 오류: Timed out. 5초 후 재시도합니다.
네트워크 오류: Timed out. 5초 후 재시도합니다.
네트워크 오류: Timed out. 5초 후 재시도합니다.
네트워크 오류: Timed out. 5초 후 재시도합니다.
네트워크 오류: Timed out. 5초 후 재시도합니다.
네트워크 오류: Timed out. 5초 후 재시도합니다.
네트워크 오류: Timed out. 5초 후 재시도합니다.
네트워크 오류: Timed out. 5초 후 재시도합니다.
네트워크 오류: Timed out. 5초 후 재시도합니다.
네트워크 오류: Timed out. 5초 후 재시도합니다.
네트워크 오류: Timed out. 5초 후 재시도합니다.
네트워크 오류: Timed out. 5초 후 재시도합니다.
네트워크 오류: Timed out. 5초 후 재시도합니다.
네트워크 오류: Timed out. 5초 후 재시도합니다.
네트워크 오류: Timed out. 5초 후 재시도합니다.
네트워크 오류: Timed out. 5초 후 재시도합니다.
네트워크 오류: Timed out. 5초 후 재시도합니다.
네트워크 오류: Timed out. 5초 후 재시도합니다.
네트워크 오류: Timed out. 5초 후 재시도합니다.
네트워크 오류: Timed out. 5초 후 재시도합니다.
네트워크 오류: Timed out. 5초 후 재시도합니다.
네트워크 오류: Timed out. 5초 후 재시도합니다.
네트워크 오류: Timed out. 5초 후 재시도합니다.
네트워크 오류: Timed out. 5초 후 재시도합니다.
네트워크 오류: Timed out. 5초 후 재시도합니다.
네트워크 오류: Timed out. 5초 후 재시도합니다.
네트워크 오류: Timed out. 5초 후 재시도합니다.
네트워크 오류: Timed out. 5초 후 재시도합니다.
네트워크 오류: Timed out. 5초 후 재시도합니다.
네트워크 오류: Timed out. 5초 후 재시도합니다.
네트워크 오류: Timed out. 5초 후 재시도합니다.
네트워크 오류: Timed out. 5초 후 재시도합니다.
네트워크 오류: Timed out. 5초 후 재시도합니다.
네트워크 오류: Timed out. 5초 후 재시도합니다.
네트워크 오류: Timed out. 5초 후 재시도합니다.
네트워크 오류: Timed out. 5초 후 재시도합니다.
네트워크 오류: Bad Gateway. 5초 후 재시도합니다.
네트워크 오류: Timed out. 5초 후 재시도합니다.
네트워크 오류: Timed out. 5초 후 재시도합니다.
네트워크 오류: Timed out. 5초 후 재시도합니다.
네트워크 오류: Timed out. 5초 후 재시도합니다.
네트워크 오류: Timed out. 5초 후 재시도합니다.
네트워크 오류: Timed out. 5초 후 재시도합니다.
네트워크 오류: Timed out. 5초 후 재시도합니다.
네트워크 오류: Timed out. 5초 후 재시도합니다.
네트워크 오류: Timed out. 5초 후 재시도합니다.
네트워크 오류: httpx.ReadError: . 5초 후 재시도합니다.
